2025-06-01T23:33:37.772+05:30  INFO 11036 --- [inventory-service] [main] c.b.i.InventoryServiceApplication        : Starting InventoryServiceApplication using Java 21.0.6 with PID 11036 (C:\Users\DELL\Desktop\backend\inventory-service\target\classes started by DELL in C:\Users\DELL\Desktop\backend\inventory-service)
2025-06-01T23:33:37.777+05:30  INFO 11036 --- [inventory-service] [main] c.b.i.InventoryServiceApplication        : No active profile set, falling back to 1 default profile: "default"
2025-06-01T23:33:39.950+05:30  INFO 11036 --- [inventory-service] [main] .s.d.r.c.RepositoryConfigurationDelegate : Bootstrapping Spring Data JPA repositories in DEFAULT mode.
2025-06-01T23:33:40.226+05:30  INFO 11036 --- [inventory-service] [main] .s.d.r.c.RepositoryConfigurationDelegate : Finished Spring Data repository scanning in 260 ms. Found 1 JPA repository interface.
2025-06-01T23:33:40.537+05:30  INFO 11036 --- [inventory-service] [main] o.s.cloud.context.scope.GenericScope     : BeanFactory id=1bd9a26f-2787-3d06-9134-cc8d40c37a60
2025-06-01T23:33:41.153+05:30  INFO 11036 --- [inventory-service] [main] o.s.b.w.embedded.tomcat.TomcatWebServer  : Tomcat initialized with port 8085 (http)
2025-06-01T23:33:41.179+05:30  INFO 11036 --- [inventory-service] [main] o.apache.catalina.core.StandardService   : Starting service [Tomcat]
2025-06-01T23:33:41.180+05:30  INFO 11036 --- [inventory-service] [main] o.apache.catalina.core.StandardEngine    : Starting Servlet engine: [Apache Tomcat/10.1.41]
2025-06-01T23:33:41.327+05:30  INFO 11036 --- [inventory-service] [main] o.a.c.c.C.[Tomcat].[localhost].[/]       : Initializing Spring embedded WebApplicationContext
2025-06-01T23:33:41.328+05:30  INFO 11036 --- [inventory-service] [main] w.s.c.ServletWebServerApplicationContext : Root WebApplicationContext: initialization completed in 3436 ms
2025-06-01T23:33:41.962+05:30  INFO 11036 --- [inventory-service] [main] o.hibernate.jpa.internal.util.LogHelper  : HHH000204: Processing PersistenceUnitInfo [name: default]
2025-06-01T23:33:42.064+05:30  INFO 11036 --- [inventory-service] [main] org.hibernate.Version                    : HHH000412: Hibernate ORM core version 6.6.15.Final
2025-06-01T23:33:42.131+05:30  INFO 11036 --- [inventory-service] [main] o.h.c.internal.RegionFactoryInitiator    : HHH000026: Second-level cache disabled
2025-06-01T23:33:42.634+05:30  INFO 11036 --- [inventory-service] [main] o.s.o.j.p.SpringPersistenceUnitInfo      : No LoadTimeWeaver setup: ignoring JPA class transformer
2025-06-01T23:33:42.689+05:30  INFO 11036 --- [inventory-service] [main] com.zaxxer.hikari.HikariDataSource       : HikariPool-1 - Starting...
2025-06-01T23:33:43.449+05:30  INFO 11036 --- [inventory-service] [main] com.zaxxer.hikari.pool.HikariPool        : HikariPool-1 - Added connection com.mysql.cj.jdbc.ConnectionImpl@5bcfdaf3
2025-06-01T23:33:43.453+05:30  INFO 11036 --- [inventory-service] [main] com.zaxxer.hikari.HikariDataSource       : HikariPool-1 - Start completed.
2025-06-01T23:33:43.576+05:30  WARN 11036 --- [inventory-service] [main] org.hibernate.orm.deprecation            : HHH90000025: MySQL8Dialect does not need to be specified explicitly using 'hibernate.dialect' (remove the property setting and it will be selected by default)
2025-06-01T23:33:43.579+05:30  WARN 11036 --- [inventory-service] [main] org.hibernate.orm.deprecation            : HHH90000026: MySQL8Dialect has been deprecated; use org.hibernate.dialect.MySQLDialect instead
2025-06-01T23:33:43.613+05:30  INFO 11036 --- [inventory-service] [main] org.hibernate.orm.connections.pooling    : HHH10001005: Database info:
	Database JDBC URL [Connecting through datasource 'HikariDataSource (HikariPool-1)']
	Database driver: undefined/unknown
	Database version: 8.0
	Autocommit mode: undefined/unknown
	Isolation level: undefined/unknown
	Minimum pool size: undefined/unknown
	Maximum pool size: undefined/unknown
2025-06-01T23:33:44.870+05:30  INFO 11036 --- [inventory-service] [main] o.h.e.t.j.p.i.JtaPlatformInitiator       : HHH000489: No JTA platform available (set 'hibernate.transaction.jta.platform' to enable JTA platform integration)
2025-06-01T23:33:45.048+05:30  INFO 11036 --- [inventory-service] [main] j.LocalContainerEntityManagerFactoryBean : Initialized JPA EntityManagerFactory for persistence unit 'default'
2025-06-01T23:33:45.560+05:30  WARN 11036 --- [inventory-service] [main] JpaBaseConfiguration$JpaWebConfiguration : spring.jpa.open-in-view is enabled by default. Therefore, database queries may be performed during view rendering. Explicitly configure spring.jpa.open-in-view to disable this warning
2025-06-01T23:33:46.647+05:30  INFO 11036 --- [inventory-service] [main] DiscoveryClientOptionalArgsConfiguration : Eureka HTTP Client uses RestTemplate.
2025-06-01T23:33:46.706+05:30  WARN 11036 --- [inventory-service] [main] iguration$LoadBalancerCaffeineWarnLogger : Spring Cloud LoadBalancer is currently working with the default cache. While this cache implementation is useful for development and tests, it's recommended to use Caffeine cache in production.You can switch to using Caffeine cache, by adding it and org.springframework.cache.caffeine.CaffeineCacheManager to the classpath.
2025-06-01T23:33:46.717+05:30  INFO 11036 --- [inventory-service] [main] o.s.b.a.e.web.EndpointLinksResolver      : Exposing 1 endpoint beneath base path '/actuator'
2025-06-01T23:33:46.945+05:30  INFO 11036 --- [inventory-service] [main] o.s.c.n.eureka.InstanceInfoFactory       : Setting initial instance status as: STARTING
2025-06-01T23:33:46.991+05:30  INFO 11036 --- [inventory-service] [main] com.netflix.discovery.DiscoveryClient    : Initializing Eureka in region us-east-1
2025-06-01T23:33:47.000+05:30  INFO 11036 --- [inventory-service] [main] c.n.d.s.r.aws.ConfigClusterResolver      : Resolving eureka endpoints via configuration
2025-06-01T23:33:47.018+05:30  INFO 11036 --- [inventory-service] [main] com.netflix.discovery.DiscoveryClient    : Disable delta property : false
2025-06-01T23:33:47.018+05:30  INFO 11036 --- [inventory-service] [main] com.netflix.discovery.DiscoveryClient    : Single vip registry refresh property : null
2025-06-01T23:33:47.018+05:30  INFO 11036 --- [inventory-service] [main] com.netflix.discovery.DiscoveryClient    : Force full registry fetch : false
2025-06-01T23:33:47.019+05:30  INFO 11036 --- [inventory-service] [main] com.netflix.discovery.DiscoveryClient    : Application is null : false
2025-06-01T23:33:47.019+05:30  INFO 11036 --- [inventory-service] [main] com.netflix.discovery.DiscoveryClient    : Registered Applications size is zero : true
2025-06-01T23:33:47.019+05:30  INFO 11036 --- [inventory-service] [main] com.netflix.discovery.DiscoveryClient    : Application version is -1: true
2025-06-01T23:33:47.019+05:30  INFO 11036 --- [inventory-service] [main] com.netflix.discovery.DiscoveryClient    : Getting all instance registry info from the eureka server
2025-06-01T23:33:47.766+05:30  INFO 11036 --- [inventory-service] [main] com.netflix.discovery.DiscoveryClient    : The response status is 200
2025-06-01T23:33:47.770+05:30  INFO 11036 --- [inventory-service] [main] com.netflix.discovery.DiscoveryClient    : Starting heartbeat executor: renew interval is: 30
2025-06-01T23:33:47.774+05:30  INFO 11036 --- [inventory-service] [main] c.n.discovery.InstanceInfoReplicator     : InstanceInfoReplicator onDemand update allowed rate per min is 4
2025-06-01T23:33:47.776+05:30  INFO 11036 --- [inventory-service] [main] com.netflix.discovery.DiscoveryClient    : Discovery Client initialized at timestamp 1748801027775 with initial instances count: 1
2025-06-01T23:33:47.781+05:30  INFO 11036 --- [inventory-service] [main] o.s.c.n.e.s.EurekaServiceRegistry        : Registering application INVENTORY-SERVICE with eureka with status UP
2025-06-01T23:33:47.782+05:30  INFO 11036 --- [inventory-service] [main] com.netflix.discovery.DiscoveryClient    : Saw local status change event StatusChangeEvent [timestamp=1748801027782, current=UP, previous=STARTING]
2025-06-01T23:33:47.787+05:30  INFO 11036 --- [inventory-service] [DiscoveryClient-InstanceInfoReplicator-%d] com.netflix.discovery.DiscoveryClient    : DiscoveryClient_INVENTORY-SERVICE/DESKTOP-6O02C5H:inventory-service:8085: registering service...
2025-06-01T23:33:47.827+05:30  INFO 11036 --- [inventory-service] [main] o.s.b.w.embedded.tomcat.TomcatWebServer  : Tomcat started on port 8085 (http) with context path '/'
2025-06-01T23:33:47.829+05:30  INFO 11036 --- [inventory-service] [main] .s.c.n.e.s.EurekaAutoServiceRegistration : Updating port to 8085
2025-06-01T23:33:47.861+05:30  INFO 11036 --- [inventory-service] [main] c.b.i.InventoryServiceApplication        : Started InventoryServiceApplication in 11.113 seconds (process running for 12.851)
2025-06-01T23:33:47.882+05:30  INFO 11036 --- [inventory-service] [DiscoveryClient-InstanceInfoReplicator-%d] com.netflix.discovery.DiscoveryClient    : DiscoveryClient_INVENTORY-SERVICE/DESKTOP-6O02C5H:inventory-service:8085 - registration status: 204
2025-06-01T23:33:48.379+05:30  INFO 11036 --- [inventory-service] [RMI TCP Connection(8)-127.0.0.1] o.a.c.c.C.[Tomcat].[localhost].[/]       : Initializing Spring DispatcherServlet 'dispatcherServlet'
2025-06-01T23:33:48.380+05:30  INFO 11036 --- [inventory-service] [RMI TCP Connection(8)-127.0.0.1] o.s.web.servlet.DispatcherServlet        : Initializing Servlet 'dispatcherServlet'
2025-06-01T23:33:48.383+05:30  INFO 11036 --- [inventory-service] [RMI TCP Connection(8)-127.0.0.1] o.s.web.servlet.DispatcherServlet        : Completed initialization in 3 ms
2025-06-01T23:36:42.081+05:30  INFO 11036 --- [inventory-service] [RMI TCP Connection(12)-127.0.0.1] inMXBeanRegistrar$SpringApplicationAdmin : Application shutdown requested.
2025-06-01T23:36:42.082+05:30  INFO 11036 --- [inventory-service] [RMI TCP Connection(12)-127.0.0.1] o.s.c.n.e.s.EurekaServiceRegistry        : Unregistering application INVENTORY-SERVICE with eureka with status DOWN
2025-06-01T23:36:42.083+05:30  INFO 11036 --- [inventory-service] [RMI TCP Connection(12)-127.0.0.1] com.netflix.discovery.DiscoveryClient    : Saw local status change event StatusChangeEvent [timestamp=1748801202083, current=DOWN, previous=UP]
2025-06-01T23:36:42.083+05:30  INFO 11036 --- [inventory-service] [DiscoveryClient-InstanceInfoReplicator-%d] com.netflix.discovery.DiscoveryClient    : DiscoveryClient_INVENTORY-SERVICE/DESKTOP-6O02C5H:inventory-service:8085: registering service...
2025-06-01T23:36:42.088+05:30  INFO 11036 --- [inventory-service] [RMI TCP Connection(12)-127.0.0.1] o.s.b.w.e.tomcat.GracefulShutdown        : Commencing graceful shutdown. Waiting for active requests to complete
2025-06-01T23:36:42.096+05:30  INFO 11036 --- [inventory-service] [DiscoveryClient-InstanceInfoReplicator-%d] com.netflix.discovery.DiscoveryClient    : DiscoveryClient_INVENTORY-SERVICE/DESKTOP-6O02C5H:inventory-service:8085 - registration status: 204
2025-06-01T23:36:42.104+05:30  INFO 11036 --- [inventory-service] [tomcat-shutdown] o.s.b.w.e.tomcat.GracefulShutdown        : Graceful shutdown complete
2025-06-01T23:36:42.113+05:30  INFO 11036 --- [inventory-service] [RMI TCP Connection(12)-127.0.0.1] j.LocalContainerEntityManagerFactoryBean : Closing JPA EntityManagerFactory for persistence unit 'default'
2025-06-01T23:36:42.116+05:30  INFO 11036 --- [inventory-service] [RMI TCP Connection(12)-127.0.0.1] com.zaxxer.hikari.HikariDataSource       : HikariPool-1 - Shutdown initiated...
2025-06-01T23:36:42.139+05:30  INFO 11036 --- [inventory-service] [RMI TCP Connection(12)-127.0.0.1] com.zaxxer.hikari.HikariDataSource       : HikariPool-1 - Shutdown completed.
2025-06-01T23:36:42.140+05:30  INFO 11036 --- [inventory-service] [RMI TCP Connection(12)-127.0.0.1] com.netflix.discovery.DiscoveryClient    : Shutting down DiscoveryClient ...
2025-06-01T23:36:45.143+05:30  INFO 11036 --- [inventory-service] [RMI TCP Connection(12)-127.0.0.1] com.netflix.discovery.DiscoveryClient    : Unregistering ...
2025-06-01T23:36:45.164+05:30  INFO 11036 --- [inventory-service] [RMI TCP Connection(12)-127.0.0.1] com.netflix.discovery.DiscoveryClient    : DiscoveryClient_INVENTORY-SERVICE/DESKTOP-6O02C5H:inventory-service:8085 - deregister  status: 200
2025-06-01T23:36:45.165+05:30  INFO 11036 --- [inventory-service] [RMI TCP Connection(12)-127.0.0.1] com.netflix.discovery.DiscoveryClient    : Completed shut down of DiscoveryClient
